<?xml version="1.0" encoding="UTF-8" ?>
<testsuite tests="1" failures="0" name="pl.edu.pjatk.tau.jbehave.deleteFromList.deleteFromListTest" time="1.106" errors="1" skipped="0">
  <properties>
[...]
</properties>
  <testcase classname="pl.edu.pjatk.tau.jbehave.deleteFromList.deleteFromListTest" name="run" time="1.106">
    <error message="Failures in running stories: ReportsCount[stories=2,storiesNotAllowed=0,storiesPending=1,scenarios=5,scenariosFailed=3,scenariosNotAllowed=0,scenariosPending=1,stepsFailed=3]" type="org.jbehave.core.embedder.Embedder$RunningStoriesFailed">org.jbehave.core.embedder.Embedder$RunningStoriesFailed: Failures in running stories: ReportsCount[stories=2,storiesNotAllowed=0,storiesPending=1,scenarios=5,scenariosFailed=3,scenariosNotAllowed=0,scenariosPending=1,stepsFailed=3]
	at org.jbehave.core.embedder.Embedder$ThrowingRunningStoriesFailed.handleFailures(Embedder.java:525)
	at org.jbehave.core.embedder.Embedder.handleFailures(Embedder.java:269)
	at org.jbehave.core.embedder.Embedder.generateReportsView(Embedder.java:256)
	at org.jbehave.core.embedder.Embedder.generateReportsView(Embedder.java:237)
	at org.jbehave.core.embedder.Embedder.runStoriesAsPaths(Embedder.java:213)
	at org.jbehave.core.junit.JUnitStory.run(JUnitStory.java:24)
	at java.base/jdk.internal.reflect.NativeMethodAccessorImpl.invoke0(Native Method)
	at java.base/jdk.internal.reflect.NativeMethodAccessorImpl.invoke(NativeMethodAccessorImpl.java:62)
	at java.base/jdk.internal.reflect.DelegatingMethodAccessorImpl.invoke(DelegatingMethodAccessorImpl.java:43)
	at java.base/java.lang.reflect.Method.invoke(Method.java:566)
	at org.junit.runners.model.FrameworkMethod$1.runReflectiveCall(FrameworkMethod.java:59)
	at org.junit.internal.runners.model.ReflectiveCallable.run(ReflectiveCallable.java:12)
	at org.junit.runners.model.FrameworkMethod.invokeExplosively(FrameworkMethod.java:56)
	at org.junit.internal.runners.statements.InvokeMethod.evaluate(InvokeMethod.java:17)
	at org.junit.internal.runners.statements.RunAfters.evaluate(RunAfters.java:27)
	at org.junit.runners.ParentRunner$3.evaluate(ParentRunner.java:305)
	at org.junit.runners.BlockJUnit4ClassRunner$1.evaluate(BlockJUnit4ClassRunner.java:100)
	at org.junit.runners.ParentRunner.runLeaf(ParentRunner.java:365)
	at org.junit.runners.BlockJUnit4ClassRunner.runChild(BlockJUnit4ClassRunner.java:103)
	at org.junit.runners.BlockJUnit4ClassRunner.runChild(BlockJUnit4ClassRunner.java:63)
	at org.junit.runners.ParentRunner$4.run(ParentRunner.java:330)
	at org.junit.runners.ParentRunner$1.schedule(ParentRunner.java:78)
	at org.junit.runners.ParentRunner.runChildren(ParentRunner.java:328)
	at org.junit.runners.ParentRunner.access$100(ParentRunner.java:65)
	at org.junit.runners.ParentRunner$2.evaluate(ParentRunner.java:292)
	at org.junit.runners.ParentRunner$3.evaluate(ParentRunner.java:305)
	at org.junit.runners.ParentRunner.run(ParentRunner.java:412)
	at org.apache.maven.surefire.junit4.JUnit4Provider.execute(JUnit4Provider.java:252)
	at org.apache.maven.surefire.junit4.JUnit4Provider.executeTestSet(JUnit4Provider.java:141)
	at org.apache.maven.surefire.junit4.JUnit4Provider.invoke(JUnit4Provider.java:112)
	at java.base/jdk.internal.reflect.NativeMethodAccessorImpl.invoke0(Native Method)
	at java.base/jdk.internal.reflect.NativeMethodAccessorImpl.invoke(NativeMethodAccessorImpl.java:62)
	at java.base/jdk.internal.reflect.DelegatingMethodAccessorImpl.invoke(DelegatingMethodAccessorImpl.java:43)
	at java.base/java.lang.reflect.Method.invoke(Method.java:566)
	at org.apache.maven.surefire.util.ReflectionUtils.invokeMethodWithArray(ReflectionUtils.java:189)
	at org.apache.maven.surefire.booter.ProviderFactory$ProviderProxy.invoke(ProviderFactory.java:165)
	at org.apache.maven.surefire.booter.ProviderFactory.invokeProvider(ProviderFactory.java:85)
	at org.apache.maven.surefire.booter.ForkedBooter.runSuitesInProcess(ForkedBooter.java:115)
	at org.apache.maven.surefire.booter.ForkedBooter.main(ForkedBooter.java:75)
</error>
    <system-out>Processing system properties {}
Using controls EmbedderControls[batch=false,skip=false,generateViewAfterStories=true,ignoreFailureInStories=false,ignoreFailureInView=false,verboseFailures=false,verboseFiltering=false,storyTimeoutInSecs=300,failOnStoryTimeout=false,threads=1]

(BeforeStories)

Running story pl/edu/pjatk/tau/jbehave/deleteFromList/from_list_test.story

(pl/edu/pjatk/tau/jbehave/deleteFromList/from_list_test.story)
Scenario: And,But structure, try to delete movie that exist
Given movies in table:

|id|name|type|director|
|0|Avatar|Sci-Fi|James Cameron|
|1|Shrek|Animacja|Andrew Adamson|
|2|Joker|Dramat|Todd Phillips|
|3|Django|Western|Quentin Tarantino|
|4|Incepcja|Sci-Fi|Christopher Nolan|

When I delete movies from table:

|id|name|type|director|
|1|Shrek|Animacja|Andrew Adamson|
|2|Joker|Dramat|Todd Phillips|
|3|Django|Western|Quentin Tarantino|
|4|Incepcja|Sci-Fi|Christopher Nolan|

Then I should have in database:

|id|name|type|director|
|0|Avatar|Sci-Fi|James Cameron|
 (FAILED)
(java.lang.AssertionError)
Then I should&apos;t contain:

|id|name|type|director|
|3|Django|Western|Quentin Tarantino|
 (NOT PERFORMED)

Scenario: 



(AfterStories)

Generating reports view to &apos;/home/david/IdeaProjects/filmweb/target/jbehave&apos; using formats &apos;[stats, console]&apos; and view properties &apos;{reports=ftl/jbehave-reports-with-totals.ftl, nonDecorated=ftl/jbehave-report-non-decorated.ftl, maps=ftl/jbehave-maps.ftl, navigator=ftl/jbehave-navigator.ftl, views=ftl/jbehave-views.ftl, decorated=ftl/jbehave-report-decorated.ftl}&apos;
Reports view generated with 2 stories (of which 1 pending) containing 5 scenarios (of which 1 pending)
</system-out>
  </testcase>
</testsuite>